Classic Timing Analyzer report for mux2_1
Wed Nov 27 11:59:35 2024
Quartus II Version 9.0 Build 184 04/29/2009 Service Pack 1 SJ Web Edition


---------------------
; Table of Contents ;
---------------------
  1. Legal Notice
  2. Timing Analyzer Summary
  3. Timing Analyzer Settings
  4. Parallel Compilation
  5. tpd
  6. Timing Analyzer Messages



----------------
; Legal Notice ;
----------------
Copyright (C) 1991-2009 Altera Corporation
Your use of Altera Corporation's design tools, logic functions 
and other software and tools, and its AMPP partner logic 
functions, and any output files from any of the foregoing 
(including device programming or simulation files), and any 
associated documentation or information are expressly subject 
to the terms and conditions of the Altera Program License 
Subscription Agreement, Altera MegaCore Function License 
Agreement, or other applicable license agreement, including, 
without limitation, that your use is for the sole purpose of 
programming logic devices manufactured by Altera and sold by 
Altera or its authorized distributors.  Please refer to the 
applicable agreement for further details.



+-------------------------------------------------------------------------------------------------------------------------+
; Timing Analyzer Summary                                                                                                 ;
+------------------------------+-------+---------------+-------------+------+------+------------+----------+--------------+
; Type                         ; Slack ; Required Time ; Actual Time ; From ; To   ; From Clock ; To Clock ; Failed Paths ;
+------------------------------+-------+---------------+-------------+------+------+------------+----------+--------------+
; Worst-case tpd               ; N/A   ; None          ; 11.853 ns   ; s    ; y[3] ; --         ; --       ; 0            ;
; Total number of failed paths ;       ;               ;             ;      ;      ;            ;          ; 0            ;
+------------------------------+-------+---------------+-------------+------+------+------------+----------+--------------+


+--------------------------------------------------------------------------------------------------------------------+
; Timing Analyzer Settings                                                                                           ;
+---------------------------------------------------------------------+--------------------+------+----+-------------+
; Option                                                              ; Setting            ; From ; To ; Entity Name ;
+---------------------------------------------------------------------+--------------------+------+----+-------------+
; Device Name                                                         ; EP2C5T144C6        ;      ;    ;             ;
; Timing Models                                                       ; Final              ;      ;    ;             ;
; Default hold multicycle                                             ; Same as Multicycle ;      ;    ;             ;
; Cut paths between unrelated clock domains                           ; On                 ;      ;    ;             ;
; Cut off read during write signal paths                              ; On                 ;      ;    ;             ;
; Cut off feedback from I/O pins                                      ; On                 ;      ;    ;             ;
; Report Combined Fast/Slow Timing                                    ; Off                ;      ;    ;             ;
; Ignore Clock Settings                                               ; Off                ;      ;    ;             ;
; Analyze latches as synchronous elements                             ; On                 ;      ;    ;             ;
; Enable Recovery/Removal analysis                                    ; Off                ;      ;    ;             ;
; Enable Clock Latency                                                ; Off                ;      ;    ;             ;
; Use TimeQuest Timing Analyzer                                       ; Off                ;      ;    ;             ;
; Number of source nodes to report per destination node               ; 10                 ;      ;    ;             ;
; Number of destination nodes to report                               ; 10                 ;      ;    ;             ;
; Number of paths to report                                           ; 200                ;      ;    ;             ;
; Report Minimum Timing Checks                                        ; Off                ;      ;    ;             ;
; Use Fast Timing Models                                              ; Off                ;      ;    ;             ;
; Report IO Paths Separately                                          ; Off                ;      ;    ;             ;
; Perform Multicorner Analysis                                        ; On                 ;      ;    ;             ;
; Reports the worst-case path for each clock domain and analysis      ; Off                ;      ;    ;             ;
; Removes common clock path pessimism (CCPP) during slack computation ; Off                ;      ;    ;             ;
; Output I/O Timing Endpoint                                          ; Near End           ;      ;    ;             ;
+---------------------------------------------------------------------+--------------------+------+----+-------------+


Parallel compilation was disabled, but you have multiple processors available. Enable parallel compilation to reduce compilation time.
+-------------------------------------+
; Parallel Compilation                ;
+----------------------------+--------+
; Processors                 ; Number ;
+----------------------------+--------+
; Number detected on machine ; 24     ;
; Maximum allowed            ; 1      ;
+----------------------------+--------+


+-----------------------------------------------------------+
; tpd                                                       ;
+-------+-------------------+-----------------+------+------+
; Slack ; Required P2P Time ; Actual P2P Time ; From ; To   ;
+-------+-------------------+-----------------+------+------+
; N/A   ; None              ; 11.853 ns       ; s    ; y[3] ;
; N/A   ; None              ; 11.589 ns       ; s    ; y[7] ;
; N/A   ; None              ; 11.512 ns       ; s    ; y[0] ;
; N/A   ; None              ; 11.312 ns       ; s    ; y[6] ;
; N/A   ; None              ; 10.903 ns       ; s    ; y[2] ;
; N/A   ; None              ; 10.775 ns       ; s    ; y[4] ;
; N/A   ; None              ; 10.676 ns       ; a[7] ; y[7] ;
; N/A   ; None              ; 10.568 ns       ; b[0] ; y[0] ;
; N/A   ; None              ; 10.537 ns       ; s    ; y[1] ;
; N/A   ; None              ; 10.484 ns       ; s    ; y[5] ;
; N/A   ; None              ; 10.456 ns       ; a[6] ; y[6] ;
; N/A   ; None              ; 10.429 ns       ; b[6] ; y[6] ;
; N/A   ; None              ; 10.362 ns       ; a[0] ; y[0] ;
; N/A   ; None              ; 10.253 ns       ; b[2] ; y[2] ;
; N/A   ; None              ; 10.249 ns       ; b[7] ; y[7] ;
; N/A   ; None              ; 10.241 ns       ; a[2] ; y[2] ;
; N/A   ; None              ; 9.820 ns        ; b[5] ; y[5] ;
; N/A   ; None              ; 9.712 ns        ; a[1] ; y[1] ;
; N/A   ; None              ; 9.559 ns        ; b[1] ; y[1] ;
; N/A   ; None              ; 9.479 ns        ; a[5] ; y[5] ;
; N/A   ; None              ; 7.419 ns        ; b[3] ; y[3] ;
; N/A   ; None              ; 7.254 ns        ; a[3] ; y[3] ;
; N/A   ; None              ; 6.361 ns        ; b[4] ; y[4] ;
; N/A   ; None              ; 6.067 ns        ; a[4] ; y[4] ;
+-------+-------------------+-----------------+------+------+


+--------------------------+
; Timing Analyzer Messages ;
+--------------------------+
Info: *******************************************************************
Info: Running Quartus II Classic Timing Analyzer
    Info: Version 9.0 Build 184 04/29/2009 Service Pack 1 SJ Web Edition
    Info: Processing started: Wed Nov 27 11:59:35 2024
Info: Command: quartus_tan --read_settings_files=off --write_settings_files=off mux2_1 -c mux2_1 --timing_analysis_only
Info: Longest tpd from source pin "s" to destination pin "y[3]" is 11.853 ns
    Info: 1: + IC(0.000 ns) + CELL(0.850 ns) = 0.850 ns; Loc. = PIN_64; Fanout = 8; PIN Node = 's'
    Info: 2: + IC(5.589 ns) + CELL(0.275 ns) = 6.714 ns; Loc. = LCCOMB_X27_Y6_N22; Fanout = 1; COMB Node = 'y~11'
    Info: 3: + IC(2.487 ns) + CELL(2.652 ns) = 11.853 ns; Loc. = PIN_26; Fanout = 0; PIN Node = 'y[3]'
    Info: Total cell delay = 3.777 ns ( 31.87 % )
    Info: Total interconnect delay = 8.076 ns ( 68.13 % )
Info: Quartus II Classic Timing Analyzer was successful. 0 errors, 0 warnings
    Info: Peak virtual memory: 195 megabytes
    Info: Processing ended: Wed Nov 27 11:59:38 2024
    Info: Elapsed time: 00:00:03
    Info: Total CPU time (on all processors): 00:00:00


